This is a dummy run.sh
yes
Mon Jun  9 11:34:23 2025       
+---------------------------------------------------------------------------------------+
| NVIDIA-SMI 535.154.05             Driver Version: 535.154.05   CUDA Version: 12.2     |
|-----------------------------------------+----------------------+----------------------+
| GPU  Name                 Persistence-M | Bus-Id        Disp.A | Volatile Uncorr. ECC |
| Fan  Temp   Perf          Pwr:Usage/Cap |         Memory-Usage | GPU-Util  Compute M. |
|                                         |                      |               MIG M. |
|=========================================+======================+======================|
|   0  NVIDIA A800-SXM4-80GB          On  | 00000000:53:00.0 Off |                    0 |
| N/A   62C    P0             391W / 400W |  13270MiB / 81920MiB |    100%      Default |
|                                         |                      |             Disabled |
+-----------------------------------------+----------------------+----------------------+
|   1  NVIDIA A800-SXM4-80GB          On  | 00000000:58:00.0 Off |                    0 |
| N/A   27C    P0              51W / 400W |      3MiB / 81920MiB |      0%      Default |
|                                         |                      |             Disabled |
+-----------------------------------------+----------------------+----------------------+
|   2  NVIDIA A800-SXM4-80GB          On  | 00000000:6C:00.0 Off |                    0 |
| N/A   27C    P0              56W / 400W |      3MiB / 81920MiB |      0%      Default |
|                                         |                      |             Disabled |
+-----------------------------------------+----------------------+----------------------+
|   3  NVIDIA A800-SXM4-80GB          On  | 00000000:72:00.0 Off |                    0 |
| N/A   30C    P0              55W / 400W |      3MiB / 81920MiB |      0%      Default |
|                                         |                      |             Disabled |
+-----------------------------------------+----------------------+----------------------+
|   4  NVIDIA A800-SXM4-80GB          On  | 00000000:AD:00.0 Off |                    0 |
| N/A   28C    P0              58W / 400W |      3MiB / 81920MiB |      0%      Default |
|                                         |                      |             Disabled |
+-----------------------------------------+----------------------+----------------------+
|   5  NVIDIA A800-SXM4-80GB          On  | 00000000:B1:00.0 Off |                    0 |
| N/A   26C    P0              52W / 400W |      3MiB / 81920MiB |      0%      Default |
|                                         |                      |             Disabled |
+-----------------------------------------+----------------------+----------------------+
|   6  NVIDIA A800-SXM4-80GB          On  | 00000000:D0:00.0 Off |                    0 |
| N/A   28C    P0              56W / 400W |      3MiB / 81920MiB |      0%      Default |
|                                         |                      |             Disabled |
+-----------------------------------------+----------------------+----------------------+
|   7  NVIDIA A800-SXM4-80GB          On  | 00000000:D3:00.0 Off |                    0 |
| N/A   29C    P0              55W / 400W |      3MiB / 81920MiB |      0%      Default |
|                                         |                      |             Disabled |
+-----------------------------------------+----------------------+----------------------+
                                                                                         
+---------------------------------------------------------------------------------------+
| Processes:                                                                            |
|  GPU   GI   CI        PID   Type   Process name                            GPU Memory |
|        ID   ID                                                             Usage      |
|=======================================================================================|
+---------------------------------------------------------------------------------------+
Script execution completed
